<?xml version="1.0" encoding="UTF-8"?>
<!-- Generated by org.testng.reporters.JUnitReportReporter -->
<testsuite hostname="DESKTOP-95K0UEI" name="demojenkins.DemoJenkinsJob1" tests="1" failures="0" timestamp="5 Feb 2018 09:27:20 GMT" time="0.013" errors="0">
  <testcase name="testJenkins" time="0.013" classname="demojenkins.DemoJenkinsJob1"/>
</testsuite> <!-- demojenkins.DemoJenkinsJob1 -->
